C51 COMPILER V9.59.0.0   BEEP                                                              10/14/2021 18:54:11 PAGE 1   


C51 COMPILER V9.59.0.0, COMPILATION OF MODULE BEEP
OBJECT MODULE PLACED IN .\Objects\Beep.obj
COMPILER INVOKED BY: C:\Keil_v5\C51\BIN\C51.EXE Beep.c LARGE OPTIMIZE(8,SPEED) BROWSE DEBUG OBJECTEXTEND PRINT(.\Listing
                    -s\Beep.lst) TABS(2) OBJECT(.\Objects\Beep.obj)

line level    source

   1          #include <Beep.h>
   2          
   3          void Beep_Times(unsigned char times)
   4          {
   5   1              unsigned char i=0;
   6   1              for(i=0;i<times;i++)
   7   1              {
   8   2                       beep=0;
   9   2                       Delay_ms(200);
  10   2                       beep=1;
  11   2                       Delay_ms(200);
  12   2              }
  13   1      }


MODULE INFORMATION:   STATIC OVERLAYABLE
   CODE SIZE        =     47    ----
   CONSTANT SIZE    =   ----    ----
   XDATA SIZE       =   ----       2
   PDATA SIZE       =   ----    ----
   DATA SIZE        =   ----    ----
   IDATA SIZE       =   ----    ----
   BIT SIZE         =   ----    ----
END OF MODULE INFORMATION.


C51 COMPILATION COMPLETE.  0 WARNING(S),  0 ERROR(S)
