C51 COMPILER V9.59.0.0   DELAY                                                             10/14/2021 18:54:10 PAGE 1   


C51 COMPILER V9.59.0.0, COMPILATION OF MODULE DELAY
OBJECT MODULE PLACED IN .\Objects\delay.obj
COMPILER INVOKED BY: C:\Keil_v5\C51\BIN\C51.EXE delay.c LARGE OPTIMIZE(8,SPEED) BROWSE DEBUG OBJECTEXTEND PRINT(.\Listin
                    -gs\delay.lst) TABS(2) OBJECT(.\Objects\delay.obj)

line level    source

   1          #include <delay.h>
   2          
   3          void Delay_ms(uint ms)
   4          {
   5   1           uint i;
   6   1           do{
   7   2                i = MAIN_Fosc / 96000;
   8   2                while(--i);   //96T per loop
   9   2           }while(--ms);
  10   1      }


MODULE INFORMATION:   STATIC OVERLAYABLE
   CODE SIZE        =     23    ----
   CONSTANT SIZE    =   ----    ----
   XDATA SIZE       =   ----    ----
   PDATA SIZE       =   ----    ----
   DATA SIZE        =   ----    ----
   IDATA SIZE       =   ----    ----
   BIT SIZE         =   ----    ----
END OF MODULE INFORMATION.


C51 COMPILATION COMPLETE.  0 WARNING(S),  0 ERROR(S)
