C51 COMPILER V9.59.0.0   LCD1602                                                           10/13/2021 09:55:22 PAGE 1   


C51 COMPILER V9.59.0.0, COMPILATION OF MODULE LCD1602
OBJECT MODULE PLACED IN .\Objects\LCD1602.obj
COMPILER INVOKED BY: C:\Keil_v5\C51\BIN\C51.EXE LCD1602.c LARGE OPTIMIZE(8,SPEED) BROWSE DEBUG OBJECTEXTEND PRINT(.\List
                    -ings\LCD1602.lst) TABS(2) OBJECT(.\Objects\LCD1602.obj)

line level    source

   1          #include <LCD1602.h>
   2          #include <delay.h>
   3          
   4          /***************************************写命令*********************************************/
   5          void LCD1602_WriteCMD(unsigned char cmd)  
   6          {
   7   1                EN=0;
   8   1                RS=0;
   9   1                RW=0;
  10   1                Delay_us(10);
  11   1                EN=1;
  12   1                Delay_us(10);
  13   1                DataPort=cmd;
  14   1                Delay_us(10);
  15   1                EN=0;
  16   1      }
  17          /***************************************写数据*********************************************/
  18          void LCD1602_WriteDAT(unsigned char dat)
  19          {
  20   1                EN=0;
  21   1                RS=1;
  22   1                RW=0;
  23   1                Delay_us(10);
  24   1                EN=1;
  25   1                Delay_us(10);
  26   1                DataPort=dat;
  27   1                Delay_us(10);
  28   1                EN=0;
  29   1      }
  30          /***********************************液晶繁忙检测*******************************************/
  31          void LCD1602_CheckBusy(void)
  32          {
  33   1              
  34   1              uchar busy;
  35   1              DataPort=0xff;
  36   1              RS=0;
  37   1              RW=1;
  38   1              do
  39   1              {
  40   2                      EN=1;
  41   2                      busy=DataPort;
  42   2                      EN=0;
  43   2              }while(busy&0x80);
  44   1              
  45   1      }
  46          /**********************************液晶初始化函数*****************************************/
  47          void LCD1602_Init(void)  
  48          {
  49   1              Delay_ms(15);                      //上电延时15ms
  50   1                LCD1602_WriteCMD(0x38); //写显示指令(不检测忙信号)
  51   1                Delay_ms(5);
  52   1                LCD1602_CheckBusy();
  53   1                LCD1602_WriteCMD(0x38); //写显示指令
  54   1                LCD1602_CheckBusy();
C51 COMPILER V9.59.0.0   LCD1602                                                           10/13/2021 09:55:22 PAGE 2   

  55   1                LCD1602_WriteCMD(0x01); //清屏
  56   1                LCD1602_CheckBusy();
  57   1                LCD1602_WriteCMD(0x06); //显示光标移动设置
  58   1                LCD1602_CheckBusy();
  59   1                LCD1602_WriteCMD(0x0c); //显示开及光标设置  
  60   1      }
  61          
  62          /***********************************液晶显示函数*****************************************/
  63          void LCD1602_Display(unsigned char addr,unsigned char* pointer,unsigned char index,unsigned char num)    /
             -/入口参数：addr起始地址，pointer指针地址，index下标，num个数
  64          {
  65   1                unsigned char i;
  66   1                LCD1602_CheckBusy();        //判断忙信号
  67   1                LCD1602_WriteCMD(addr);        //写入地址
  68   1                for(i=0;i<num;i++)                //写入数据
  69   1                {
  70   2                   LCD1602_CheckBusy();                           //判断忙信号
  71   2                   LCD1602_WriteDAT(pointer[index+i]);//写入数据     
  72   2                }
  73   1      }


MODULE INFORMATION:   STATIC OVERLAYABLE
   CODE SIZE        =    237    ----
   CONSTANT SIZE    =   ----    ----
   XDATA SIZE       =   ----       9
   PDATA SIZE       =   ----    ----
   DATA SIZE        =   ----    ----
   IDATA SIZE       =   ----    ----
   BIT SIZE         =   ----    ----
END OF MODULE INFORMATION.


C51 COMPILATION COMPLETE.  0 WARNING(S),  0 ERROR(S)
