C51 COMPILER V9.59.0.0   NVIC                                                              10/14/2021 18:54:11 PAGE 1   


C51 COMPILER V9.59.0.0, COMPILATION OF MODULE NVIC
OBJECT MODULE PLACED IN .\Objects\NVIC.obj
COMPILER INVOKED BY: C:\Keil_v5\C51\BIN\C51.EXE NVIC.c LARGE OPTIMIZE(8,SPEED) BROWSE DEBUG OBJECTEXTEND PRINT(.\Listing
                    -s\NVIC.lst) TABS(2) OBJECT(.\Objects\NVIC.obj)

line level    source

   1          #include <NVIC.h>
   2          
   3          void NVIC_Init(void)
   4          {
   5   1        EA = 1;
   6   1        EX0 = 1;
   7   1        IT0 = 0;
   8   1      }


MODULE INFORMATION:   STATIC OVERLAYABLE
   CODE SIZE        =      7    ----
   CONSTANT SIZE    =   ----    ----
   XDATA SIZE       =   ----    ----
   PDATA SIZE       =   ----    ----
   DATA SIZE        =   ----    ----
   IDATA SIZE       =   ----    ----
   BIT SIZE         =   ----    ----
END OF MODULE INFORMATION.


C51 COMPILATION COMPLETE.  0 WARNING(S),  0 ERROR(S)
