C51 COMPILER V9.59.0.0   UART                                                              10/14/2021 18:54:10 PAGE 1   


C51 COMPILER V9.59.0.0, COMPILATION OF MODULE UART
OBJECT MODULE PLACED IN .\Objects\Uart.obj
COMPILER INVOKED BY: C:\Keil_v5\C51\BIN\C51.EXE Uart.c LARGE OPTIMIZE(8,SPEED) BROWSE DEBUG OBJECTEXTEND PRINT(.\Listing
                    -s\Uart.lst) TABS(2) OBJECT(.\Objects\Uart.obj)

line level    source

   1          #include <Uart.h>
   2          
   3          void Uart_Init(void)
   4          {
   5   1          SCON=0x50;                                  //UART方式1:8位UART;   REN=1:允许接收
   6   1          PCON=0x00;                                  //SMOD=0:波特率不加倍
   7   1          TMOD=0x20;                                  //T1方式2,用于UART波特率
   8   1          TH1=0xFD;
   9   1          TL1=0xFD;                                   //UART波特率设置:FDFD，9600;FFFF,57600
  10   1          TR1=1;                                      //允许T1计数
  11   1          EA=1;                                       //开总中断
  12   1      }
  13          
  14          void Uart_Send_Byte(unsigned char c)            //UART Send a byte
  15          {
  16   1              SBUF = c;
  17   1              while(!TI);                             //发送完为1
  18   1              TI = 0;
  19   1      }
  20          
  21          unsigned char Uart_Receive_Byte()               //UART Receive a byteg
  22          {        
  23   1              unsigned char dat;
  24   1              while(!RI);                             //接收完为1
  25   1              RI = 0;
  26   1              dat = SBUF;
  27   1              return (dat);
  28   1      }


MODULE INFORMATION:   STATIC OVERLAYABLE
   CODE SIZE        =     36    ----
   CONSTANT SIZE    =   ----    ----
   XDATA SIZE       =   ----    ----
   PDATA SIZE       =   ----    ----
   DATA SIZE        =   ----    ----
   IDATA SIZE       =   ----    ----
   BIT SIZE         =   ----    ----
END OF MODULE INFORMATION.


C51 COMPILATION COMPLETE.  0 WARNING(S),  0 ERROR(S)
